[2020-01-19T09:37:36.126] [DEBUG] cheese - login => username:zs,password:123456
[2020-01-19T09:37:36.129] [DEBUG] cheese - zs
[2020-01-19T09:37:36.144] [DEBUG] cheese - null
[2020-01-19T09:37:36.144] [DEBUG] cheese - null
[2020-01-19T09:37:45.423] [DEBUG] cheese - login => username:admin,password:123456
[2020-01-19T09:37:45.423] [DEBUG] cheese - admin
[2020-01-19T09:37:45.432] [DEBUG] cheese - null
[2020-01-19T09:37:45.432] [DEBUG] cheese - null
[2020-01-19T14:58:49.600] [DEBUG] cheese - login => username:admin,password:123456
[2020-01-19T14:58:49.602] [DEBUG] cheese - admin
[2020-01-19T14:58:49.617] [DEBUG] cheese - null
[2020-01-19T14:58:49.618] [DEBUG] cheese - null
[2020-01-19T14:59:44.235] [DEBUG] cheese - login => username:admin,password:123456
[2020-01-19T14:59:44.235] [DEBUG] cheese - admin
[2020-01-19T14:59:44.238] [DEBUG] cheese - null
[2020-01-19T14:59:44.239] [DEBUG] cheese - null
[2020-01-19T15:17:42.569] [DEBUG] cheese - login => username:admin,password:123456
[2020-01-19T15:17:42.570] [DEBUG] cheese - admin
[2020-01-19T15:17:42.574] [DEBUG] cheese - null
[2020-01-19T15:17:42.574] [DEBUG] cheese - null
[2020-01-19T15:18:22.727] [DEBUG] cheese - login => username:admin,password:123456
[2020-01-19T15:18:22.727] [DEBUG] cheese - admin
[2020-01-19T15:18:22.729] [DEBUG] cheese - null
[2020-01-19T15:18:22.729] [DEBUG] cheese - null
[2020-01-19T15:18:26.210] [DEBUG] cheese - login => username:admin,password:123456
[2020-01-19T15:18:26.210] [DEBUG] cheese - admin
[2020-01-19T15:18:26.213] [DEBUG] cheese - null
[2020-01-19T15:18:26.213] [DEBUG] cheese - null
[2020-01-19T15:18:28.096] [DEBUG] cheese - login => username:admina,password:123456
[2020-01-19T15:18:28.096] [DEBUG] cheese - admina
[2020-01-19T15:18:28.098] [DEBUG] cheese - null
[2020-01-19T15:18:28.098] [DEBUG] cheese - null
[2020-01-19T15:25:07.169] [DEBUG] cheese - login => username:admin,password:123456
[2020-01-19T15:25:07.170] [DEBUG] cheese - admin
[2020-01-19T15:25:07.172] [DEBUG] cheese - null
[2020-01-19T15:25:07.173] [DEBUG] cheese - null
[2020-01-19T15:26:31.579] [DEBUG] cheese - login => username:admin,password:123456d
[2020-01-19T15:26:31.579] [DEBUG] cheese - admin
[2020-01-19T15:26:31.581] [DEBUG] cheese - null
[2020-01-19T15:26:31.581] [DEBUG] cheese - null
[2020-01-19T15:26:34.835] [DEBUG] cheese - login => username:admin,password:123456d
[2020-01-19T15:26:34.835] [DEBUG] cheese - admin
[2020-01-19T15:26:34.836] [DEBUG] cheese - null
[2020-01-19T15:26:34.837] [DEBUG] cheese - null
[2020-01-19T15:26:35.293] [DEBUG] cheese - login => username:admin,password:123456d
[2020-01-19T15:26:35.293] [DEBUG] cheese - admin
[2020-01-19T15:26:35.296] [DEBUG] cheese - null
[2020-01-19T15:26:35.296] [DEBUG] cheese - null
[2020-01-19T15:26:40.302] [DEBUG] cheese - login => username:admin,password:123456
[2020-01-19T15:26:40.302] [DEBUG] cheese - admin
[2020-01-19T15:26:40.304] [DEBUG] cheese - null
[2020-01-19T15:26:40.304] [DEBUG] cheese - null
[2020-01-19T15:28:41.289] [DEBUG] cheese - login => username:admin,password:123456
[2020-01-19T15:28:41.289] [DEBUG] cheese - admin
[2020-01-19T15:28:41.291] [DEBUG] cheese - null
[2020-01-19T15:28:41.291] [DEBUG] cheese - null
[2020-01-19T15:29:36.110] [DEBUG] cheese - login => username:admin,password:123456
[2020-01-19T15:29:36.110] [DEBUG] cheese - admin
[2020-01-19T15:29:36.113] [DEBUG] cheese - null
[2020-01-19T15:29:36.113] [DEBUG] cheese - null
[2020-01-19T15:30:03.885] [DEBUG] cheese - login => username:admin,password:123456
[2020-01-19T15:30:03.885] [DEBUG] cheese - admin
[2020-01-19T15:30:03.888] [DEBUG] cheese - null
[2020-01-19T15:30:03.888] [DEBUG] cheese - null
[2020-01-19T15:42:40.236] [DEBUG] cheese - login => username:admin,password:123456
[2020-01-19T15:42:40.236] [DEBUG] cheese - admin
[2020-01-19T15:42:40.239] [DEBUG] cheese - null
[2020-01-19T15:42:40.239] [DEBUG] cheese - null
[2020-01-19T16:03:47.994] [DEBUG] cheese - login => username:admin,password:123456
[2020-01-19T16:03:47.994] [DEBUG] cheese - admin
[2020-01-19T16:03:47.997] [DEBUG] cheese - null
[2020-01-19T16:03:47.997] [DEBUG] cheese - null
[2020-01-19T16:10:45.012] [DEBUG] cheese - login => username:admin,password:123456
[2020-01-19T16:10:45.012] [DEBUG] cheese - admin
[2020-01-19T16:10:45.016] [DEBUG] cheese - null
[2020-01-19T16:10:45.016] [DEBUG] cheese - null
[2020-01-19T16:11:53.433] [DEBUG] cheese - login => username:admin,password:123456
[2020-01-19T16:11:53.433] [DEBUG] cheese - admin
[2020-01-19T16:11:53.436] [DEBUG] cheese - null
[2020-01-19T16:11:53.436] [DEBUG] cheese - null
[2020-01-19T16:18:49.514] [DEBUG] cheese - login => username:admin,password:123456
[2020-01-19T16:18:49.514] [DEBUG] cheese - admin
[2020-01-19T16:18:49.516] [DEBUG] cheese - null
[2020-01-19T16:18:49.517] [DEBUG] cheese - null
[2020-01-19T16:28:16.679] [DEBUG] cheese - login => username:admin,password:123456
[2020-01-19T16:28:16.679] [DEBUG] cheese - admin
[2020-01-19T16:28:16.681] [DEBUG] cheese - null
[2020-01-19T16:28:16.681] [DEBUG] cheese - null
[2020-01-19T16:56:02.532] [DEBUG] cheese - login => username:admin,password:123456
[2020-01-19T16:56:02.533] [DEBUG] cheese - admin
[2020-01-19T16:56:02.536] [DEBUG] cheese - null
[2020-01-19T16:56:02.536] [DEBUG] cheese - null
[2020-01-19T17:21:38.815] [DEBUG] cheese - login => username:admin,password:123456
[2020-01-19T17:21:38.815] [DEBUG] cheese - admin
[2020-01-19T17:21:38.817] [DEBUG] cheese - null
[2020-01-19T17:21:38.817] [DEBUG] cheese - null
[2020-01-19T17:23:50.368] [DEBUG] cheese - login => username:admin,password:123456
[2020-01-19T17:23:50.369] [DEBUG] cheese - admin
[2020-01-19T17:23:50.371] [DEBUG] cheese - null
[2020-01-19T17:23:50.371] [DEBUG] cheese - null
[2020-01-19T17:24:24.053] [DEBUG] cheese - login => username:admin,password:123456
[2020-01-19T17:24:24.053] [DEBUG] cheese - admin
[2020-01-19T17:24:24.055] [DEBUG] cheese - null
[2020-01-19T17:24:24.055] [DEBUG] cheese - null
[2020-01-19T17:28:18.312] [DEBUG] cheese - login => username:admin,password:123456
[2020-01-19T17:28:18.312] [DEBUG] cheese - admin
[2020-01-19T17:28:18.315] [DEBUG] cheese - null
[2020-01-19T17:28:18.315] [DEBUG] cheese - null
[2020-01-19T17:44:37.466] [DEBUG] cheese - login => username:admin,password:123456
[2020-01-19T17:44:37.466] [DEBUG] cheese - admin
[2020-01-19T17:44:37.469] [DEBUG] cheese - null
[2020-01-19T17:44:37.469] [DEBUG] cheese - null
[2020-01-19T17:46:20.424] [DEBUG] cheese - login => username:admin,password:123456
[2020-01-19T17:46:20.424] [DEBUG] cheese - admin
[2020-01-19T17:46:20.428] [DEBUG] cheese - null
[2020-01-19T17:46:20.428] [DEBUG] cheese - null
[2020-01-19T21:53:47.644] [DEBUG] cheese - login => username:admin,password:123456
[2020-01-19T21:53:47.644] [DEBUG] cheese - admin
[2020-01-19T21:53:47.647] [DEBUG] cheese - null
[2020-01-19T21:53:47.647] [DEBUG] cheese - null
[2020-01-19T22:21:52.998] [DEBUG] cheese - login => username:admin,password:123456
[2020-01-19T22:21:52.998] [DEBUG] cheese - admin
[2020-01-19T22:21:53.001] [DEBUG] cheese - null
[2020-01-19T22:21:53.001] [DEBUG] cheese - null
[2020-01-19T23:08:34.335] [DEBUG] cheese - login => username:admin,password:123456
[2020-01-19T23:08:34.335] [DEBUG] cheese - admin
[2020-01-19T23:08:34.337] [DEBUG] cheese - null
[2020-01-19T23:08:34.337] [DEBUG] cheese - null
[2020-01-20T16:15:37.043] [DEBUG] cheese - login => username:admin,password:123456
[2020-01-20T16:15:37.045] [DEBUG] cheese - admin
[2020-01-20T16:15:37.055] [DEBUG] cheese - null
[2020-01-20T16:15:37.056] [DEBUG] cheese - null
[2020-01-20T16:40:51.810] [DEBUG] cheese - login => username:admin,password:123456
[2020-01-20T16:40:51.810] [DEBUG] cheese - admin
[2020-01-20T16:40:51.814] [DEBUG] cheese - null
[2020-01-20T16:40:51.814] [DEBUG] cheese - null
[2020-01-20T23:36:37.377] [DEBUG] cheese - login => username:admin,password:123456
[2020-01-20T23:36:37.378] [DEBUG] cheese - admin
[2020-01-20T23:36:37.380] [DEBUG] cheese - null
[2020-01-20T23:36:37.380] [DEBUG] cheese - null
[2020-01-21T15:57:20.945] [DEBUG] cheese - null
[2020-01-21T23:03:47.319] [DEBUG] cheese - login => username:admin,password:123456
[2020-01-21T23:03:47.320] [DEBUG] cheese - admin
[2020-01-21T23:03:47.323] [DEBUG] cheese - null
[2020-01-21T23:03:47.323] [DEBUG] cheese - null
[2020-01-23T20:44:20.582] [DEBUG] cheese - login => username:admin,password:123456
[2020-01-23T20:44:20.585] [DEBUG] cheese - admin
[2020-01-23T20:44:20.604] [DEBUG] cheese - null
[2020-01-23T20:44:20.605] [DEBUG] cheese - null
[2020-01-25T12:07:27.757] [DEBUG] cheese - login => username:admin,password:123456
[2020-01-25T12:07:27.758] [DEBUG] cheese - admin
[2020-01-25T12:07:27.868] [DEBUG] cheese - null
[2020-01-25T12:07:27.868] [DEBUG] cheese - null
[2020-01-25T17:55:09.328] [DEBUG] cheese - login => username:admin,password:123456
[2020-01-25T17:55:09.328] [DEBUG] cheese - admin
[2020-01-25T17:55:09.330] [DEBUG] cheese - null
[2020-01-25T17:55:09.330] [DEBUG] cheese - null
[2020-01-25T17:56:06.587] [DEBUG] cheese - login => username:admi,password:123456
[2020-01-25T17:56:06.588] [DEBUG] cheese - admi
[2020-01-25T17:56:06.589] [DEBUG] cheese - null
[2020-01-25T17:56:06.589] [DEBUG] cheese - null
[2020-01-25T17:56:10.552] [DEBUG] cheese - login => username:admin,password:123456
[2020-01-25T17:56:10.552] [DEBUG] cheese - admin
[2020-01-25T17:56:10.555] [DEBUG] cheese - null
[2020-01-25T17:56:10.555] [DEBUG] cheese - null
[2020-01-25T17:56:25.692] [DEBUG] cheese - login => username:linken,password:123456
[2020-01-25T17:56:25.692] [DEBUG] cheese - linken
[2020-01-25T17:56:25.695] [DEBUG] cheese - null
[2020-01-25T17:56:25.695] [DEBUG] cheese - null
[2020-01-25T17:56:33.086] [DEBUG] cheese - login => username:admin,password:123456
[2020-01-25T17:56:33.086] [DEBUG] cheese - admin
[2020-01-25T17:56:33.089] [DEBUG] cheese - null
[2020-01-25T17:56:33.089] [DEBUG] cheese - null
[2020-01-25T18:01:11.807] [DEBUG] cheese - login => username:auth,password:123456
[2020-01-25T18:01:11.807] [DEBUG] cheese - auth
[2020-01-25T18:01:11.809] [DEBUG] cheese - null
[2020-01-25T18:01:11.809] [DEBUG] cheese - null
[2020-01-25T18:01:21.331] [DEBUG] cheese - login => username:auth,password:123456
[2020-01-25T18:01:21.331] [DEBUG] cheese - auth
[2020-01-25T18:01:21.333] [DEBUG] cheese - null
[2020-01-25T18:01:21.333] [DEBUG] cheese - null
[2020-01-25T18:01:22.594] [DEBUG] cheese - login => username:admin,password:123456
[2020-01-25T18:01:22.594] [DEBUG] cheese - admin
[2020-01-25T18:01:22.596] [DEBUG] cheese - null
[2020-01-25T18:01:22.596] [DEBUG] cheese - null
[2020-01-25T18:01:46.719] [DEBUG] cheese - login => username:auth,password:123456
[2020-01-25T18:01:46.719] [DEBUG] cheese - auth
[2020-01-25T18:01:46.720] [DEBUG] cheese - null
[2020-01-25T18:01:46.720] [DEBUG] cheese - null
[2020-01-25T18:01:49.042] [DEBUG] cheese - null
[2020-01-25T18:01:49.045] [DEBUG] cheese - null
[2020-01-25T18:01:52.237] [DEBUG] cheese - null
[2020-01-25T18:01:52.238] [DEBUG] cheese - null
[2020-01-25T18:01:53.421] [DEBUG] cheese - null
[2020-01-25T18:01:53.424] [DEBUG] cheese - null
[2020-01-25T18:01:59.201] [DEBUG] cheese - login => username:admin,password:123456
[2020-01-25T18:01:59.201] [DEBUG] cheese - admin
[2020-01-25T18:01:59.202] [DEBUG] cheese - null
[2020-01-25T18:01:59.202] [DEBUG] cheese - null
[2020-01-26T13:07:24.764] [DEBUG] cheese - login => username:admin,password:123456
[2020-01-26T13:07:24.764] [DEBUG] cheese - admin
[2020-01-26T13:07:24.767] [DEBUG] cheese - null
[2020-01-26T13:07:24.767] [DEBUG] cheese - null
[2020-01-26T16:04:29.486] [DEBUG] cheese - login => username:admin,password:123456
[2020-01-26T16:04:29.486] [DEBUG] cheese - admin
[2020-01-26T16:04:29.592] [DEBUG] cheese - null
[2020-01-26T16:04:29.592] [DEBUG] cheese - null
[2020-01-26T17:42:27.771] [DEBUG] cheese - login => username:orders,password:123456
[2020-01-26T17:42:27.772] [DEBUG] cheese - orders
[2020-01-26T17:42:27.776] [DEBUG] cheese - null
[2020-01-26T17:42:27.776] [DEBUG] cheese - null
[2020-01-26T17:42:37.026] [DEBUG] cheese - login => username:admin,password:123456
[2020-01-26T17:42:37.026] [DEBUG] cheese - admin
[2020-01-26T17:42:37.031] [DEBUG] cheese - null
[2020-01-26T17:42:37.031] [DEBUG] cheese - null
[2020-01-26T17:42:51.967] [DEBUG] cheese - login => username:good,password:123456
[2020-01-26T17:42:51.967] [DEBUG] cheese - good
[2020-01-26T17:42:51.968] [DEBUG] cheese - null
[2020-01-26T17:42:51.969] [DEBUG] cheese - null
[2020-01-26T17:42:57.198] [DEBUG] cheese - login => username:good,password:123456
[2020-01-26T17:42:57.198] [DEBUG] cheese - good
[2020-01-26T17:42:57.202] [DEBUG] cheese - null
[2020-01-26T17:42:57.202] [DEBUG] cheese - null
[2020-01-26T17:43:03.117] [DEBUG] cheese - login => username:admin,password:123456
[2020-01-26T17:43:03.117] [DEBUG] cheese - admin
[2020-01-26T17:43:03.121] [DEBUG] cheese - null
[2020-01-26T17:43:03.121] [DEBUG] cheese - null
[2020-01-26T17:59:57.263] [DEBUG] cheese - login => username:linken,password:123456
[2020-01-26T17:59:57.263] [DEBUG] cheese - linken
[2020-01-26T17:59:57.266] [DEBUG] cheese - null
[2020-01-26T17:59:57.266] [DEBUG] cheese - null
[2020-01-26T17:59:59.567] [DEBUG] cheese - null
[2020-01-26T17:59:59.571] [DEBUG] cheese - null
[2020-01-26T18:00:00.669] [DEBUG] cheese - null
[2020-01-26T18:00:00.673] [DEBUG] cheese - null
[2020-01-26T18:00:01.722] [DEBUG] cheese - null
[2020-01-26T18:00:01.725] [DEBUG] cheese - null
[2020-01-26T18:00:12.566] [DEBUG] cheese - null
[2020-01-26T18:00:12.571] [DEBUG] cheese - null
[2020-01-26T18:00:13.701] [DEBUG] cheese - null
[2020-01-26T18:00:13.705] [DEBUG] cheese - null
[2020-01-26T18:00:20.653] [DEBUG] cheese - login => username:admin,password:123456
[2020-01-26T18:00:20.653] [DEBUG] cheese - admin
[2020-01-26T18:00:20.657] [DEBUG] cheese - null
[2020-01-26T18:00:20.657] [DEBUG] cheese - null
[2020-01-26T18:01:02.169] [DEBUG] cheese - login => username:admin,password:123456
[2020-01-26T18:01:02.169] [DEBUG] cheese - admin
[2020-01-26T18:01:02.174] [DEBUG] cheese - null
[2020-01-26T18:01:02.174] [DEBUG] cheese - null
[2020-01-26T18:01:11.646] [DEBUG] cheese - login => username:orders,password:123456
[2020-01-26T18:01:11.646] [DEBUG] cheese - orders
[2020-01-26T18:01:11.650] [DEBUG] cheese - null
[2020-01-26T18:01:11.650] [DEBUG] cheese - null
[2020-01-26T18:01:12.416] [DEBUG] cheese - login => username:orders,password:123456
[2020-01-26T18:01:12.416] [DEBUG] cheese - orders
[2020-01-26T18:01:12.421] [DEBUG] cheese - null
[2020-01-26T18:01:12.421] [DEBUG] cheese - null
[2020-01-26T18:01:12.616] [DEBUG] cheese - login => username:orders,password:123456
[2020-01-26T18:01:12.617] [DEBUG] cheese - orders
[2020-01-26T18:01:12.620] [DEBUG] cheese - null
[2020-01-26T18:01:12.621] [DEBUG] cheese - null
[2020-01-26T18:01:15.327] [DEBUG] cheese - login => username:admin,password:123456
[2020-01-26T18:01:15.327] [DEBUG] cheese - admin
[2020-01-26T18:01:15.331] [DEBUG] cheese - null
[2020-01-26T18:01:15.331] [DEBUG] cheese - null
[2020-01-26T22:01:29.107] [DEBUG] cheese - login => username:admin,password:123456
[2020-01-26T22:01:29.107] [DEBUG] cheese - admin
[2020-01-26T22:01:29.113] [DEBUG] cheese - null
[2020-01-26T22:01:29.113] [DEBUG] cheese - null
[2020-01-28T09:54:49.669] [DEBUG] cheese - login => username:admin,password:123456
[2020-01-28T09:54:49.671] [DEBUG] cheese - admin
[2020-01-28T09:54:49.689] [DEBUG] cheese - null
[2020-01-28T09:54:49.690] [DEBUG] cheese - null
[2020-01-28T09:59:40.428] [DEBUG] cheese - login => username:admin,password:123456
[2020-01-28T09:59:40.428] [DEBUG] cheese - admin
[2020-01-28T09:59:40.431] [DEBUG] cheese - null
[2020-01-28T09:59:40.431] [DEBUG] cheese - null
[2020-01-28T12:56:54.555] [DEBUG] cheese - login => username:admin,password:123456
[2020-01-28T12:56:54.555] [DEBUG] cheese - admin
[2020-01-28T12:56:54.558] [DEBUG] cheese - null
[2020-01-28T12:56:54.558] [DEBUG] cheese - null
[2020-01-29T14:09:05.931] [DEBUG] cheese - login => username:admin,password:123456
[2020-01-29T14:09:05.931] [DEBUG] cheese - admin
[2020-01-29T14:09:05.987] [DEBUG] cheese - null
[2020-01-29T14:09:05.987] [DEBUG] cheese - null
[2020-01-30T13:06:03.979] [DEBUG] cheese - login => username:admin,password:123456
[2020-01-30T13:06:03.981] [DEBUG] cheese - admin
[2020-01-30T13:06:03.998] [DEBUG] cheese - null
[2020-01-30T13:06:03.999] [DEBUG] cheese - null
[2020-01-31T15:04:41.057] [DEBUG] cheese - login => username:admin,password:123456
[2020-01-31T15:04:41.059] [DEBUG] cheese - admin
[2020-01-31T15:04:41.091] [DEBUG] cheese - null
[2020-01-31T15:04:41.091] [DEBUG] cheese - null
[2020-01-31T15:16:39.226] [DEBUG] cheese - login => username:admin,password:123456
[2020-01-31T15:16:39.226] [DEBUG] cheese - admin
[2020-01-31T15:16:39.230] [DEBUG] cheese - null
[2020-01-31T15:16:39.230] [DEBUG] cheese - null
[2020-01-31T15:16:57.411] [DEBUG] cheese - login => username:admin,password:123456
[2020-01-31T15:16:57.412] [DEBUG] cheese - admin
[2020-01-31T15:16:57.416] [DEBUG] cheese - null
[2020-01-31T15:16:57.416] [DEBUG] cheese - null
[2020-01-31T16:45:49.514] [DEBUG] cheese - null
[2020-02-01T15:19:52.934] [DEBUG] cheese - login => username:admin,password:123456
[2020-02-01T15:19:52.934] [DEBUG] cheese - admin
[2020-02-01T15:19:52.943] [DEBUG] cheese - null
[2020-02-01T15:19:52.943] [DEBUG] cheese - null
[2020-02-02T10:55:43.884] [DEBUG] cheese - login => username:admin,password:123456
[2020-02-02T10:55:43.884] [DEBUG] cheese - admin
[2020-02-02T10:55:43.887] [DEBUG] cheese - null
[2020-02-02T10:55:43.887] [DEBUG] cheese - null
[2020-02-02T12:23:43.455] [DEBUG] cheese - login => username:admin,password:123456
[2020-02-02T12:23:43.458] [DEBUG] cheese - admin
[2020-02-02T12:23:43.478] [DEBUG] cheese - null
[2020-02-02T12:23:43.478] [DEBUG] cheese - null
[2020-02-02T12:25:57.106] [DEBUG] cheese - login => username:admin,password:123456
[2020-02-02T12:25:57.106] [DEBUG] cheese - admin
[2020-02-02T12:25:57.112] [DEBUG] cheese - null
[2020-02-02T12:25:57.112] [DEBUG] cheese - null
[2020-02-02T12:27:41.624] [DEBUG] cheese - login => username:admin,password:123456
[2020-02-02T12:27:41.624] [DEBUG] cheese - admin
[2020-02-02T12:27:41.630] [DEBUG] cheese - null
[2020-02-02T12:27:41.630] [DEBUG] cheese - null
[2020-02-02T12:28:10.566] [DEBUG] cheese - login => username:admin5,password:123456
[2020-02-02T12:28:10.566] [DEBUG] cheese - admin5
[2020-02-02T12:28:10.570] [DEBUG] cheese - null
[2020-02-02T12:28:10.571] [DEBUG] cheese - null
[2020-02-02T12:28:31.941] [DEBUG] cheese - login => username:admin,password:123456
[2020-02-02T12:28:31.941] [DEBUG] cheese - admin
[2020-02-02T12:28:31.946] [DEBUG] cheese - null
[2020-02-02T12:28:31.946] [DEBUG] cheese - null
[2020-02-02T12:40:46.618] [DEBUG] cheese - login => username:admin,password:123456
[2020-02-02T12:40:46.619] [DEBUG] cheese - admin
[2020-02-02T12:40:46.622] [DEBUG] cheese - null
[2020-02-02T12:40:46.622] [DEBUG] cheese - null
[2020-02-02T12:47:25.040] [DEBUG] cheese - login => username:admin,password:123456
[2020-02-02T12:47:25.040] [DEBUG] cheese - admin
[2020-02-02T12:47:25.043] [DEBUG] cheese - null
[2020-02-02T12:47:25.043] [DEBUG] cheese - null
[2020-02-02T12:59:06.747] [DEBUG] cheese - login => username:admin,password:123456
[2020-02-02T12:59:06.750] [DEBUG] cheese - admin
[2020-02-02T12:59:06.762] [DEBUG] cheese - null
[2020-02-02T12:59:06.762] [DEBUG] cheese - null
[2020-02-02T13:42:31.266] [DEBUG] cheese - login => username:admin,password:123456
[2020-02-02T13:42:31.266] [DEBUG] cheese - admin
[2020-02-02T13:42:31.272] [DEBUG] cheese - null
[2020-02-02T13:42:31.273] [DEBUG] cheese - null
[2020-02-02T13:42:52.236] [DEBUG] cheese - login => username:admin,password:123456
[2020-02-02T13:42:52.237] [DEBUG] cheese - admin
[2020-02-02T13:42:52.241] [DEBUG] cheese - null
[2020-02-02T13:42:52.241] [DEBUG] cheese - null
[2020-02-02T13:43:22.373] [DEBUG] cheese - login => username:admin,password:123456
[2020-02-02T13:43:22.373] [DEBUG] cheese - admin
[2020-02-02T13:43:22.381] [DEBUG] cheese - null
[2020-02-02T13:43:22.382] [DEBUG] cheese - null
[2020-02-02T13:57:57.669] [DEBUG] cheese - login => username:admin,password:123456
[2020-02-02T13:57:57.669] [DEBUG] cheese - admin
[2020-02-02T13:57:57.675] [DEBUG] cheese - null
[2020-02-02T13:57:57.675] [DEBUG] cheese - null
[2020-02-02T14:01:00.834] [DEBUG] cheese - login => username:admin,password:123456
[2020-02-02T14:01:00.836] [DEBUG] cheese - admin
[2020-02-02T14:01:00.875] [DEBUG] cheese - null
[2020-02-02T14:01:00.876] [DEBUG] cheese - null
[2020-02-02T14:28:33.260] [DEBUG] cheese - login => username:admin,password:123456
[2020-02-02T14:28:33.260] [DEBUG] cheese - admin
[2020-02-02T14:28:33.263] [DEBUG] cheese - null
[2020-02-02T14:28:33.263] [DEBUG] cheese - null
[2020-02-02T14:35:49.467] [DEBUG] cheese - login => username:admin,password:123456
[2020-02-02T14:35:49.467] [DEBUG] cheese - admin
[2020-02-02T14:35:49.470] [DEBUG] cheese - null
[2020-02-02T14:35:49.470] [DEBUG] cheese - null
[2020-02-02T15:29:21.354] [DEBUG] cheese - login => username:admin,password:123456
[2020-02-02T15:29:21.354] [DEBUG] cheese - admin
[2020-02-02T15:29:21.363] [DEBUG] cheese - null
[2020-02-02T15:29:21.363] [DEBUG] cheese - null
[2020-02-02T15:34:42.350] [DEBUG] cheese - login => username:admin,password:123456
[2020-02-02T15:34:42.350] [DEBUG] cheese - admin
[2020-02-02T15:34:42.352] [DEBUG] cheese - null
[2020-02-02T15:34:42.353] [DEBUG] cheese - null
[2020-02-02T16:01:32.433] [DEBUG] cheese - login => username:admin,password:123456
[2020-02-02T16:01:32.433] [DEBUG] cheese - admin
[2020-02-02T16:01:32.435] [DEBUG] cheese - null
[2020-02-02T16:01:32.435] [DEBUG] cheese - null
[2020-02-02T16:11:20.413] [DEBUG] cheese - login => username:admin,password:123456
[2020-02-02T16:11:20.413] [DEBUG] cheese - admin
[2020-02-02T16:11:20.414] [DEBUG] cheese - null
[2020-02-02T16:11:20.414] [DEBUG] cheese - null
[2020-02-05T13:54:07.684] [DEBUG] cheese - login => username:admin,password:123456
[2020-02-05T13:54:07.685] [DEBUG] cheese - admin
[2020-02-05T13:54:07.719] [DEBUG] cheese - null
[2020-02-05T13:54:07.719] [DEBUG] cheese - null
[2020-02-14T17:01:46.873] [DEBUG] cheese - login => username:admin,password:123456
[2020-02-14T17:01:46.876] [DEBUG] cheese - admin
[2020-02-14T17:01:46.900] [DEBUG] cheese - null
[2020-02-14T17:01:46.901] [DEBUG] cheese - null
[2020-02-14T17:50:21.591] [DEBUG] cheese - login => username:admin,password:123456
[2020-02-14T17:50:21.594] [DEBUG] cheese - admin
[2020-02-14T17:50:21.604] [DEBUG] cheese - null
[2020-02-14T17:50:21.604] [DEBUG] cheese - null
[2020-02-14T17:51:46.243] [DEBUG] cheese - login => username:report,password:123456
[2020-02-14T17:51:46.244] [DEBUG] cheese - report
[2020-02-14T17:51:46.247] [DEBUG] cheese - null
[2020-02-14T17:51:46.247] [DEBUG] cheese - null
[2020-02-14T17:51:51.927] [DEBUG] cheese - login => username:admin,password:123456
[2020-02-14T17:51:51.928] [DEBUG] cheese - admin
[2020-02-14T17:51:51.930] [DEBUG] cheese - null
[2020-02-14T17:51:51.930] [DEBUG] cheese - null
[2020-02-14T17:53:05.427] [DEBUG] cheese - login => username:author,password:123456
[2020-02-14T17:53:05.427] [DEBUG] cheese - author
[2020-02-14T17:53:05.429] [DEBUG] cheese - null
[2020-02-14T17:53:05.429] [DEBUG] cheese - null
[2020-02-14T17:53:07.947] [DEBUG] cheese - null
[2020-02-14T17:53:07.949] [DEBUG] cheese - null
[2020-02-14T17:53:13.294] [DEBUG] cheese - null
[2020-02-14T17:53:13.296] [DEBUG] cheese - null
[2020-02-14T17:53:14.599] [DEBUG] cheese - null
[2020-02-14T17:53:14.601] [DEBUG] cheese - null
[2020-02-14T17:53:23.043] [DEBUG] cheese - login => username:admin,password:123456
[2020-02-14T17:53:23.043] [DEBUG] cheese - admin
[2020-02-14T17:53:23.045] [DEBUG] cheese - null
[2020-02-14T17:53:23.045] [DEBUG] cheese - null
[2020-02-15T13:35:26.258] [DEBUG] cheese - login => username:admin,password:123456
[2020-02-15T13:35:26.259] [DEBUG] cheese - admin
[2020-02-15T13:35:26.261] [DEBUG] cheese - null
[2020-02-15T13:35:26.261] [DEBUG] cheese - null
[2020-02-16T12:38:14.875] [DEBUG] cheese - login => username:admin,password:123456
[2020-02-16T12:38:14.875] [DEBUG] cheese - admin
[2020-02-16T12:38:14.885] [DEBUG] cheese - null
[2020-02-16T12:38:14.885] [DEBUG] cheese - null
[2020-02-19T12:23:52.880] [DEBUG] cheese - login => username:admin,password:123456
[2020-02-19T12:23:52.880] [DEBUG] cheese - admin
[2020-02-19T12:23:52.886] [DEBUG] cheese - null
[2020-02-19T12:23:52.887] [DEBUG] cheese - null
[2020-02-19T12:26:17.173] [DEBUG] cheese - login => username:admin,password:123456
[2020-02-19T12:26:17.173] [DEBUG] cheese - admin
[2020-02-19T12:26:17.176] [DEBUG] cheese - null
[2020-02-19T12:26:17.176] [DEBUG] cheese - null
[2020-02-19T12:27:14.420] [DEBUG] cheese - login => username:admin,password:123456
[2020-02-19T12:27:14.420] [DEBUG] cheese - admin
[2020-02-19T12:27:14.422] [DEBUG] cheese - null
[2020-02-19T12:27:14.423] [DEBUG] cheese - null
[2020-02-25T03:10:46.626] [DEBUG] cheese - login => username:admin,password:123456
[2020-02-25T03:10:46.629] [DEBUG] cheese - admin
[2020-02-25T03:10:46.663] [DEBUG] cheese - null
[2020-02-25T03:10:46.663] [DEBUG] cheese - null
[2020-02-25T03:12:31.943] [DEBUG] cheese - login => username:goods,password:123456
[2020-02-25T03:12:31.943] [DEBUG] cheese - goods
[2020-02-25T03:12:31.945] [DEBUG] cheese - null
[2020-02-25T03:12:31.945] [DEBUG] cheese - null
[2020-02-25T03:12:34.412] [DEBUG] cheese - login => username:admin,password:123456
[2020-02-25T03:12:34.412] [DEBUG] cheese - admin
[2020-02-25T03:12:34.415] [DEBUG] cheese - null
[2020-02-25T03:12:34.415] [DEBUG] cheese - null
[2020-02-25T03:12:53.832] [DEBUG] cheese - login => username:good,password:123456
[2020-02-25T03:12:53.832] [DEBUG] cheese - good
[2020-02-25T03:12:53.835] [DEBUG] cheese - null
[2020-02-25T03:12:53.835] [DEBUG] cheese - null
[2020-02-25T03:13:04.899] [DEBUG] cheese - login => username:goods,password:123456
[2020-02-25T03:13:04.899] [DEBUG] cheese - goods
[2020-02-25T03:13:04.901] [DEBUG] cheese - null
[2020-02-25T03:13:04.901] [DEBUG] cheese - null
[2020-02-25T03:13:08.296] [DEBUG] cheese - null
[2020-02-25T03:13:08.298] [DEBUG] cheese - null
[2020-02-25T03:13:24.035] [DEBUG] cheese - null
[2020-02-25T03:13:24.038] [DEBUG] cheese - null
[2020-02-25T03:13:28.201] [DEBUG] cheese - null
[2020-02-25T03:13:28.203] [DEBUG] cheese - null
[2020-02-25T03:13:51.407] [DEBUG] cheese - null
[2020-02-25T03:13:51.410] [DEBUG] cheese - null
[2020-02-25T03:13:56.478] [DEBUG] cheese - null
[2020-02-25T03:13:56.480] [DEBUG] cheese - null
[2020-02-25T03:13:59.727] [DEBUG] cheese - null
[2020-02-25T03:13:59.729] [DEBUG] cheese - null
[2020-02-25T03:14:04.221] [DEBUG] cheese - null
[2020-02-25T03:14:04.224] [DEBUG] cheese - null
[2020-02-25T03:14:04.272] [DEBUG] cheese - null
[2020-02-25T03:14:04.273] [DEBUG] cheese - null
[2020-02-25T03:14:12.593] [DEBUG] cheese - login => username:goods,password:123456
[2020-02-25T03:14:12.593] [DEBUG] cheese - goods
[2020-02-25T03:14:12.596] [DEBUG] cheese - null
[2020-02-25T03:14:12.596] [DEBUG] cheese - null
[2020-02-25T03:14:15.186] [DEBUG] cheese - null
[2020-02-25T03:14:15.188] [DEBUG] cheese - null
[2020-02-25T03:14:16.064] [DEBUG] cheese - null
[2020-02-25T03:14:16.065] [DEBUG] cheese - null
[2020-02-25T03:14:17.239] [DEBUG] cheese - null
[2020-02-25T03:14:17.241] [DEBUG] cheese - null
[2020-02-25T03:14:23.251] [DEBUG] cheese - login => username:admin,password:123456
[2020-02-25T03:14:23.251] [DEBUG] cheese - admin
[2020-02-25T03:14:23.253] [DEBUG] cheese - null
[2020-02-25T03:14:23.253] [DEBUG] cheese - null
[2020-02-25T03:16:13.919] [DEBUG] cheese - login => username:goods,password:123456
[2020-02-25T03:16:13.919] [DEBUG] cheese - goods
[2020-02-25T03:16:13.920] [DEBUG] cheese - null
[2020-02-25T03:16:13.921] [DEBUG] cheese - null
[2020-02-25T03:16:17.235] [DEBUG] cheese - null
[2020-02-25T03:16:17.236] [DEBUG] cheese - null
[2020-02-25T03:16:20.234] [DEBUG] cheese - null
[2020-02-25T03:16:20.239] [DEBUG] cheese - null
[2020-02-25T03:16:21.420] [DEBUG] cheese - null
[2020-02-25T03:16:21.427] [DEBUG] cheese - null
[2020-02-25T03:16:28.501] [DEBUG] cheese - login => username:admin,password:123456
[2020-02-25T03:16:28.502] [DEBUG] cheese - admin
[2020-02-25T03:16:28.513] [DEBUG] cheese - null
[2020-02-25T03:16:28.513] [DEBUG] cheese - null
[2020-02-25T03:23:35.712] [DEBUG] cheese - login => username:admin,password:123456
[2020-02-25T03:23:35.712] [DEBUG] cheese - admin
[2020-02-25T03:23:35.715] [DEBUG] cheese - null
[2020-02-25T03:23:35.715] [DEBUG] cheese - null
[2020-02-25T03:25:38.822] [DEBUG] cheese - null
[2020-02-25T03:26:05.449] [DEBUG] cheese - login => username:linken,password:123456
[2020-02-25T03:26:05.450] [DEBUG] cheese - linken
[2020-02-25T03:26:05.451] [DEBUG] cheese - null
[2020-02-25T03:26:05.451] [DEBUG] cheese - null
[2020-02-25T03:26:07.914] [DEBUG] cheese - null
[2020-02-25T03:26:12.458] [DEBUG] cheese - null
[2020-02-25T03:26:18.375] [DEBUG] cheese - null
[2020-02-25T03:26:18.377] [DEBUG] cheese - null
[2020-02-25T03:26:21.334] [DEBUG] cheese - null
[2020-02-25T03:26:21.335] [DEBUG] cheese - null
[2020-02-25T03:26:22.151] [DEBUG] cheese - null
[2020-02-25T03:26:22.153] [DEBUG] cheese - null
[2020-02-25T03:26:22.799] [DEBUG] cheese - null
[2020-02-25T03:26:22.801] [DEBUG] cheese - null
[2020-02-25T03:26:25.970] [DEBUG] cheese - login => username:admin,password:123456
[2020-02-25T03:26:25.970] [DEBUG] cheese - admin
[2020-02-25T03:26:25.972] [DEBUG] cheese - null
[2020-02-25T03:26:25.972] [DEBUG] cheese - null
[2020-02-25T03:44:58.658] [DEBUG] cheese - login => username:admin,password:123456
[2020-02-25T03:44:58.658] [DEBUG] cheese - admin
[2020-02-25T03:44:58.660] [DEBUG] cheese - null
[2020-02-25T03:44:58.660] [DEBUG] cheese - null
[2020-02-25T09:35:09.360] [DEBUG] cheese - login => username:admin,password:123456
[2020-02-25T09:35:09.360] [DEBUG] cheese - admin
[2020-02-25T09:35:09.361] [DEBUG] cheese - null
[2020-02-25T09:35:09.361] [DEBUG] cheese - null
[2020-02-25T09:35:20.332] [DEBUG] cheese - login => username:goods,password:123456
[2020-02-25T09:35:20.333] [DEBUG] cheese - goods
[2020-02-25T09:35:20.335] [DEBUG] cheese - null
[2020-02-25T09:35:20.335] [DEBUG] cheese - null
[2020-02-25T09:35:22.817] [DEBUG] cheese - null
[2020-02-25T09:35:22.819] [DEBUG] cheese - null
[2020-02-25T09:35:23.402] [DEBUG] cheese - null
[2020-02-25T09:35:23.404] [DEBUG] cheese - null
[2020-02-25T09:35:31.430] [DEBUG] cheese - login => username:author,password:123456
[2020-02-25T09:35:31.430] [DEBUG] cheese - author
[2020-02-25T09:35:31.432] [DEBUG] cheese - null
[2020-02-25T09:35:31.432] [DEBUG] cheese - null
[2020-02-25T09:35:33.625] [DEBUG] cheese - null
[2020-02-25T09:35:33.626] [DEBUG] cheese - null
[2020-02-25T09:35:34.109] [DEBUG] cheese - null
[2020-02-25T09:35:34.110] [DEBUG] cheese - null
[2020-02-25T09:36:07.230] [DEBUG] cheese - login => username:admin,password:123456
[2020-02-25T09:36:07.230] [DEBUG] cheese - admin
[2020-02-25T09:36:07.233] [DEBUG] cheese - null
[2020-02-25T09:36:07.233] [DEBUG] cheese - null
[2020-02-25T09:36:57.448] [DEBUG] cheese - login => username:test,password:123456
[2020-02-25T09:36:57.448] [DEBUG] cheese - test
[2020-02-25T09:36:57.450] [DEBUG] cheese - null
[2020-02-25T09:36:57.451] [DEBUG] cheese - null
[2020-02-25T09:36:59.390] [DEBUG] cheese - login => username:admin,password:123456
[2020-02-25T09:36:59.390] [DEBUG] cheese - admin
[2020-02-25T09:36:59.392] [DEBUG] cheese - null
[2020-02-25T09:36:59.392] [DEBUG] cheese - null
[2020-02-25T09:37:20.461] [DEBUG] cheese - login => username:test,password:123456
[2020-02-25T09:37:20.461] [DEBUG] cheese - test
[2020-02-25T09:37:20.463] [DEBUG] cheese - null
[2020-02-25T09:37:20.463] [DEBUG] cheese - null
[2020-02-25T09:37:22.733] [DEBUG] cheese - null
[2020-02-25T09:37:22.734] [DEBUG] cheese - null
[2020-02-25T09:37:26.423] [DEBUG] cheese - login => username:admin,password:123456
[2020-02-25T09:37:26.424] [DEBUG] cheese - admin
[2020-02-25T09:37:26.425] [DEBUG] cheese - null
[2020-02-25T09:37:26.425] [DEBUG] cheese - null
[2020-02-25T09:37:34.639] [DEBUG] cheese - null
[2020-02-25T09:37:38.764] [DEBUG] cheese - null
[2020-02-25T09:37:44.419] [DEBUG] cheese - login => username:test,password:123456
[2020-02-25T09:37:44.419] [DEBUG] cheese - test
[2020-02-25T09:37:44.422] [DEBUG] cheese - null
[2020-02-25T09:37:44.422] [DEBUG] cheese - null
[2020-02-25T09:52:10.526] [DEBUG] cheese - null
[2020-02-25T09:52:10.528] [DEBUG] cheese - null
[2020-02-25T09:52:11.905] [DEBUG] cheese - null
[2020-02-25T09:52:11.906] [DEBUG] cheese - null
[2020-02-25T09:52:13.187] [DEBUG] cheese - null
[2020-02-25T09:52:13.189] [DEBUG] cheese - null
[2020-02-25T09:52:15.056] [DEBUG] cheese - null
[2020-02-25T09:52:15.057] [DEBUG] cheese - null
[2020-02-25T09:52:25.023] [DEBUG] cheese - null
[2020-02-25T09:52:25.024] [DEBUG] cheese - null
[2020-02-25T09:52:26.311] [DEBUG] cheese - null
[2020-02-25T09:52:26.312] [DEBUG] cheese - null
[2020-03-08T23:33:06.424] [DEBUG] cheese - login => username:admin,password:123456
[2020-03-08T23:33:06.428] [DEBUG] cheese - admin
[2020-03-08T23:33:06.483] [DEBUG] cheese - null
[2020-03-08T23:33:06.484] [DEBUG] cheese - null
[2020-03-08T23:33:18.033] [DEBUG] cheese - login => username:admin,password:123456
[2020-03-08T23:33:18.033] [DEBUG] cheese - admin
[2020-03-08T23:33:18.039] [DEBUG] cheese - null
[2020-03-08T23:33:18.039] [DEBUG] cheese - null
[2020-05-10T14:25:31.868] [DEBUG] cheese - login => username:admin,password:123456
[2020-05-10T14:25:31.870] [DEBUG] cheese - admin
[2020-05-10T14:25:31.873] [DEBUG] cheese - null
[2020-05-10T14:25:31.874] [DEBUG] cheese - null
[2020-05-10T15:07:35.379] [DEBUG] cheese - login => username:admin,password:123456
[2020-05-10T15:07:35.380] [DEBUG] cheese - admin
[2020-05-10T15:07:35.383] [DEBUG] cheese - null
[2020-05-10T15:07:35.384] [DEBUG] cheese - null
[2020-05-10T19:03:52.723] [DEBUG] cheese - null
[2020-05-10T20:19:05.862] [DEBUG] cheese - null
[2020-05-10T20:19:08.042] [DEBUG] cheese - null
[2020-05-10T20:19:14.916] [DEBUG] cheese - null
[2020-05-10T20:20:50.707] [DEBUG] cheese - null
[2020-05-10T20:34:35.234] [DEBUG] cheese - null
[2020-05-10T21:08:59.662] [DEBUG] cheese - null
[2020-05-10T21:09:16.626] [DEBUG] cheese - null
[2020-05-10T21:15:11.631] [DEBUG] cheese - login => username:admin,password:123456
[2020-05-10T21:15:11.631] [DEBUG] cheese - admin
[2020-05-10T21:15:11.642] [DEBUG] cheese - null
[2020-05-10T21:15:11.642] [DEBUG] cheese - null
[2020-05-10T21:15:41.909] [DEBUG] cheese - null
[2020-05-10T21:18:11.022] [DEBUG] cheese - null
[2020-05-10T21:20:39.783] [DEBUG] cheese - null
[2020-05-10T21:20:45.997] [DEBUG] cheese - null
[2020-05-10T21:20:50.276] [DEBUG] cheese - null
[2020-05-10T21:21:09.950] [DEBUG] cheese - null
[2020-05-10T21:21:39.098] [DEBUG] cheese - null
[2020-05-10T21:21:57.069] [DEBUG] cheese - null
[2020-05-10T21:22:59.172] [DEBUG] cheese - null
[2020-05-10T21:23:19.060] [DEBUG] cheese - null
[2020-05-10T21:23:22.356] [DEBUG] cheese - null
[2020-05-10T21:24:14.849] [DEBUG] cheese - null
[2020-05-11T18:50:51.339] [DEBUG] cheese - login => username:admin,password:123456
[2020-05-11T18:50:51.341] [DEBUG] cheese - admin
[2020-05-11T18:50:51.399] [DEBUG] cheese - null
[2020-05-11T18:50:51.399] [DEBUG] cheese - null
[2020-05-11T19:11:07.509] [DEBUG] cheese - login => username:admin,password:123456
[2020-05-11T19:11:07.509] [DEBUG] cheese - admin
[2020-05-11T19:11:07.512] [DEBUG] cheese - null
[2020-05-11T19:11:07.513] [DEBUG] cheese - null
[2020-05-11T19:14:58.951] [DEBUG] cheese - login => username:admin,password:123456
[2020-05-11T19:14:58.951] [DEBUG] cheese - admin
[2020-05-11T19:14:58.955] [DEBUG] cheese - null
[2020-05-11T19:14:58.955] [DEBUG] cheese - null
[2020-05-11T19:15:12.212] [DEBUG] cheese - login => username:admin,password:123456
[2020-05-11T19:15:12.212] [DEBUG] cheese - admin
[2020-05-11T19:15:12.214] [DEBUG] cheese - null
[2020-05-11T19:15:12.214] [DEBUG] cheese - null
[2020-05-11T19:17:08.497] [DEBUG] cheese - null
[2021-07-30T08:57:01.672] [DEBUG] cheese - login => username:admin,password:123456
[2021-07-30T08:57:01.673] [DEBUG] cheese - admin
[2021-07-30T08:57:01.684] [DEBUG] cheese - null
[2021-07-30T08:57:01.684] [DEBUG] cheese - null
[2021-07-30T10:19:33.744] [DEBUG] cheese - login => username:admin,password:123456
[2021-07-30T10:19:33.744] [DEBUG] cheese - admin
[2021-07-30T10:19:33.747] [DEBUG] cheese - null
[2021-07-30T10:19:33.747] [DEBUG] cheese - null
[2021-07-30T10:22:57.910] [DEBUG] cheese - login => username:admin,password:123456
[2021-07-30T10:22:57.911] [DEBUG] cheese - admin
[2021-07-30T10:22:57.914] [DEBUG] cheese - null
[2021-07-30T10:22:57.914] [DEBUG] cheese - null
[2021-07-30T10:24:38.358] [DEBUG] cheese - login => username:admin,password:123456
[2021-07-30T10:24:38.358] [DEBUG] cheese - admin
[2021-07-30T10:24:38.360] [DEBUG] cheese - null
[2021-07-30T10:24:38.360] [DEBUG] cheese - null
[2021-07-30T10:26:18.141] [DEBUG] cheese - login => username:admin,password:123456
[2021-07-30T10:26:18.141] [DEBUG] cheese - admin
[2021-07-30T10:26:18.143] [DEBUG] cheese - null
[2021-07-30T10:26:18.143] [DEBUG] cheese - null
[2021-07-31T09:00:13.415] [DEBUG] cheese - login => username:admin,password:123456
[2021-07-31T09:00:13.416] [DEBUG] cheese - admin
[2021-07-31T09:00:13.429] [DEBUG] cheese - null
[2021-07-31T09:00:13.430] [DEBUG] cheese - null
[2021-08-01T08:13:22.798] [DEBUG] cheese - login => username:admin,password:123456
[2021-08-01T08:13:22.800] [DEBUG] cheese - admin
[2021-08-01T08:13:22.816] [DEBUG] cheese - null
[2021-08-01T08:13:22.816] [DEBUG] cheese - null
[2021-08-01T08:24:56.602] [DEBUG] cheese - login => username:admin,password:123456
[2021-08-01T08:24:56.602] [DEBUG] cheese - admin
[2021-08-01T08:24:56.604] [DEBUG] cheese - null
[2021-08-01T08:24:56.605] [DEBUG] cheese - null
[2021-08-01T18:10:25.452] [DEBUG] cheese - login => username:admin,password:123456
[2021-08-01T18:10:25.453] [DEBUG] cheese - admin
[2021-08-01T18:10:25.458] [DEBUG] cheese - null
[2021-08-01T18:10:25.458] [DEBUG] cheese - null
[2021-08-02T08:00:19.790] [DEBUG] cheese - login => username:admin,password:123456
[2021-08-02T08:00:19.791] [DEBUG] cheese - admin
[2021-08-02T08:00:19.806] [DEBUG] cheese - null
[2021-08-02T08:00:19.806] [DEBUG] cheese - null
[2021-08-03T09:31:04.726] [DEBUG] cheese - login => username:admin,password:123456
[2021-08-03T09:31:04.727] [DEBUG] cheese - admin
[2021-08-03T09:31:04.743] [DEBUG] cheese - null
[2021-08-03T09:31:04.744] [DEBUG] cheese - null
[2021-08-03T11:48:18.203] [DEBUG] cheese - null
[2021-08-03T11:49:13.558] [DEBUG] cheese - null
[2021-08-03T11:56:10.142] [DEBUG] cheese - null
[2021-08-03T12:00:36.075] [DEBUG] cheese - null
[2021-08-03T12:01:21.626] [DEBUG] cheese - null
[2021-08-03T12:01:39.498] [DEBUG] cheese - null
[2021-08-03T12:01:47.129] [DEBUG] cheese - null
[2021-08-03T12:02:03.213] [DEBUG] cheese - null
[2021-08-03T12:03:08.393] [DEBUG] cheese - null
[2021-08-03T12:12:36.543] [DEBUG] cheese - null
[2021-08-03T12:22:18.814] [DEBUG] cheese - null
[2021-08-03T12:23:47.061] [DEBUG] cheese - null
[2021-08-03T12:25:00.221] [DEBUG] cheese - null
[2021-08-03T12:33:43.203] [DEBUG] cheese - null
[2021-08-03T12:34:11.739] [DEBUG] cheese - null
[2021-08-03T12:58:18.254] [DEBUG] cheese - null
[2021-08-03T12:58:24.966] [DEBUG] cheese - null
[2021-08-03T13:00:21.886] [DEBUG] cheese - null
[2021-08-03T13:01:01.628] [DEBUG] cheese - null
[2021-08-03T13:05:37.613] [DEBUG] cheese - null
[2021-08-03T16:51:44.910] [DEBUG] cheese - null
[2021-08-03T16:51:44.935] [DEBUG] cheese - null
[2021-08-03T16:51:44.949] [DEBUG] cheese - null
[2021-08-03T16:51:53.255] [DEBUG] cheese - null
[2021-08-03T16:52:16.215] [DEBUG] cheese - null
[2021-08-03T16:52:16.238] [DEBUG] cheese - null
[2021-08-03T16:53:20.974] [DEBUG] cheese - null
[2021-08-03T16:53:20.992] [DEBUG] cheese - null
[2021-08-03T16:53:21.007] [DEBUG] cheese - null
[2021-08-03T16:53:22.891] [DEBUG] cheese - null
[2021-08-03T16:53:23.413] [DEBUG] cheese - null
[2021-08-03T16:53:24.141] [DEBUG] cheese - null
[2021-08-03T16:53:24.767] [DEBUG] cheese - null
[2021-08-03T16:53:25.341] [DEBUG] cheese - null
[2021-08-03T16:53:25.373] [DEBUG] cheese - null
[2021-08-03T16:53:25.387] [DEBUG] cheese - null
[2021-08-03T16:53:27.206] [DEBUG] cheese - null
[2021-08-03T16:53:29.200] [DEBUG] cheese - null
[2021-08-03T16:53:32.013] [DEBUG] cheese - null
[2021-08-03T16:53:47.821] [DEBUG] cheese - null
[2021-08-03T16:53:48.605] [DEBUG] cheese - null
[2021-08-03T16:53:49.525] [DEBUG] cheese - null
[2021-08-03T16:53:50.733] [DEBUG] cheese - null
[2021-08-03T16:53:50.755] [DEBUG] cheese - null
[2021-08-03T16:53:52.102] [DEBUG] cheese - null
[2021-08-03T16:53:53.077] [DEBUG] cheese - null
[2021-08-03T16:53:54.724] [DEBUG] cheese - null
[2021-08-03T16:54:46.129] [DEBUG] cheese - null
[2021-08-03T16:54:46.144] [DEBUG] cheese - null
[2021-08-03T16:54:46.161] [DEBUG] cheese - null
[2021-08-03T16:54:47.060] [DEBUG] cheese - null
[2021-08-03T16:54:47.469] [DEBUG] cheese - null
[2021-08-03T16:54:47.837] [DEBUG] cheese - null
[2021-08-03T16:54:48.284] [DEBUG] cheese - null
[2021-08-03T16:54:48.669] [DEBUG] cheese - null
[2021-08-03T16:54:49.101] [DEBUG] cheese - null
[2021-08-03T16:54:49.124] [DEBUG] cheese - null
[2021-08-03T16:54:49.135] [DEBUG] cheese - null
[2021-08-03T16:54:49.918] [DEBUG] cheese - null
[2021-08-03T16:54:49.942] [DEBUG] cheese - null
[2021-08-03T16:54:50.756] [DEBUG] cheese - null
[2021-08-03T16:59:30.158] [DEBUG] cheese - null
[2021-08-03T16:59:30.340] [DEBUG] cheese - null
[2021-08-03T16:59:30.548] [DEBUG] cheese - null
[2021-08-03T16:59:31.429] [DEBUG] cheese - null
[2021-08-03T16:59:31.628] [DEBUG] cheese - null
[2021-08-03T16:59:31.804] [DEBUG] cheese - null
[2021-08-03T16:59:32.012] [DEBUG] cheese - null
[2021-08-03T16:59:32.025] [DEBUG] cheese - null
[2021-08-03T16:59:32.476] [DEBUG] cheese - null
[2021-08-03T16:59:32.652] [DEBUG] cheese - null
[2021-08-03T16:59:32.852] [DEBUG] cheese - null
[2021-08-03T16:59:32.867] [DEBUG] cheese - null
[2021-08-03T16:59:34.883] [DEBUG] cheese - null
[2021-08-03T16:59:35.076] [DEBUG] cheese - null
[2021-08-03T16:59:35.877] [DEBUG] cheese - null
[2021-08-03T16:59:35.890] [DEBUG] cheese - null
[2021-08-03T16:59:35.902] [DEBUG] cheese - null
[2021-08-03T16:59:37.741] [DEBUG] cheese - null
[2021-08-03T16:59:37.767] [DEBUG] cheese - null
[2021-08-03T16:59:38.444] [DEBUG] cheese - null
[2021-08-03T16:59:38.644] [DEBUG] cheese - null
[2021-08-03T16:59:38.836] [DEBUG] cheese - null
[2021-08-03T16:59:39.556] [DEBUG] cheese - null
[2021-08-03T16:59:41.879] [DEBUG] cheese - null
[2021-08-03T16:59:42.100] [DEBUG] cheese - null
[2021-08-03T16:59:42.300] [DEBUG] cheese - null
[2021-08-03T16:59:43.604] [DEBUG] cheese - null
[2021-08-03T16:59:43.851] [DEBUG] cheese - null
[2021-08-03T16:59:44.044] [DEBUG] cheese - null
[2021-08-04T08:20:33.971] [DEBUG] cheese - login => username:admin,password:123456
[2021-08-04T08:20:33.972] [DEBUG] cheese - admin
[2021-08-04T08:20:33.988] [DEBUG] cheese - null
[2021-08-04T08:20:33.988] [DEBUG] cheese - null
[2021-08-04T08:32:53.398] [DEBUG] cheese - null
[2021-08-04T08:32:53.476] [DEBUG] cheese - null
[2021-08-04T08:32:53.492] [DEBUG] cheese - null
[2021-08-04T19:21:59.420] [DEBUG] cheese - login => username:admin,password:123456
[2021-08-04T19:21:59.435] [DEBUG] cheese - admin
[2021-08-04T19:21:59.439] [DEBUG] cheese - null
[2021-08-04T19:21:59.440] [DEBUG] cheese - null
[2021-08-05T07:36:12.206] [DEBUG] cheese - login => username:admin,password:123456
[2021-08-05T07:36:12.207] [DEBUG] cheese - admin
[2021-08-05T07:36:12.224] [DEBUG] cheese - null
[2021-08-05T07:36:12.225] [DEBUG] cheese - null
[2021-08-06T07:55:38.265] [DEBUG] cheese - login => username:admin,password:123456
[2021-08-06T07:55:38.267] [DEBUG] cheese - admin
[2021-08-06T07:55:38.286] [DEBUG] cheese - null
[2021-08-06T07:55:38.287] [DEBUG] cheese - null
[2021-08-07T09:13:10.296] [DEBUG] cheese - login => username:admin,password:123456
[2021-08-07T09:13:10.297] [DEBUG] cheese - admin
[2021-08-07T09:13:10.313] [DEBUG] cheese - null
[2021-08-07T09:13:10.313] [DEBUG] cheese - null
[2021-08-07T11:21:17.594] [DEBUG] cheese - login => username:admin,password:123456
[2021-08-07T11:21:17.597] [DEBUG] cheese - admin
[2021-08-07T11:21:17.602] [DEBUG] cheese - null
[2021-08-07T11:21:17.602] [DEBUG] cheese - null
[2021-08-07T11:25:42.664] [DEBUG] cheese - login => username:admin,password:123456
[2021-08-07T11:25:42.665] [DEBUG] cheese - admin
[2021-08-07T11:25:42.680] [DEBUG] cheese - null
[2021-08-07T11:25:42.680] [DEBUG] cheese - null
[2021-08-07T21:58:57.602] [DEBUG] cheese - null
[2021-08-07T22:01:24.076] [DEBUG] cheese - null
[2021-08-07T22:01:33.330] [DEBUG] cheese - null
[2021-08-07T22:03:53.204] [DEBUG] cheese - null
[2021-08-07T22:06:28.293] [DEBUG] cheese - null
[2021-08-07T22:10:26.581] [DEBUG] cheese - null
[2021-08-07T22:13:45.604] [DEBUG] cheese - null
[2021-08-07T22:14:50.808] [DEBUG] cheese - null
[2021-08-07T22:15:16.438] [DEBUG] cheese - null
[2021-08-07T22:16:30.472] [DEBUG] cheese - null
[2021-08-07T22:17:06.011] [DEBUG] cheese - null
[2021-08-07T22:17:47.376] [DEBUG] cheese - null
[2021-08-07T22:19:59.112] [DEBUG] cheese - null
[2021-08-07T22:22:07.743] [DEBUG] cheese - null
[2021-08-07T22:22:09.477] [DEBUG] cheese - null
[2021-08-07T22:22:09.500] [DEBUG] cheese - null
[2021-08-07T22:22:29.461] [DEBUG] cheese - null
[2021-08-07T22:24:27.579] [DEBUG] cheese - null
[2021-08-07T22:26:42.622] [DEBUG] cheese - null
[2021-08-07T22:27:15.641] [DEBUG] cheese - null
[2021-08-07T22:27:15.656] [DEBUG] cheese - null
[2021-08-07T22:27:16.759] [DEBUG] cheese - null
[2021-08-08T09:33:02.439] [DEBUG] cheese - login => username:admin,password:123456
[2021-08-08T09:33:02.441] [DEBUG] cheese - admin
[2021-08-08T09:33:02.449] [DEBUG] cheese - null
[2021-08-08T09:33:02.450] [DEBUG] cheese - null
[2021-08-08T10:31:00.828] [DEBUG] cheese - null
[2021-08-08T10:31:01.747] [DEBUG] cheese - null
[2021-08-08T10:31:09.076] [DEBUG] cheese - null
[2021-08-08T10:31:09.102] [DEBUG] cheese - null
[2021-08-08T10:35:18.993] [DEBUG] cheese - login => username:admin,password:123456
[2021-08-08T10:35:18.993] [DEBUG] cheese - admin
[2021-08-08T10:35:18.995] [DEBUG] cheese - null
[2021-08-08T10:35:18.995] [DEBUG] cheese - null
[2021-08-08T12:15:41.386] [DEBUG] cheese - login => username:admin,password:123456
[2021-08-08T12:15:41.388] [DEBUG] cheese - admin
[2021-08-08T12:15:41.393] [DEBUG] cheese - null
[2021-08-08T12:15:41.393] [DEBUG] cheese - null
[2021-08-08T12:18:32.743] [DEBUG] cheese - login => username:admin,password:123456
[2021-08-08T12:18:32.743] [DEBUG] cheese - admin
[2021-08-08T12:18:32.745] [DEBUG] cheese - null
[2021-08-08T12:18:32.745] [DEBUG] cheese - null
[2021-08-08T16:05:34.077] [DEBUG] cheese - login => username:admin,password:123456
[2021-08-08T16:05:34.078] [DEBUG] cheese - admin
[2021-08-08T16:05:34.080] [DEBUG] cheese - null
[2021-08-08T16:05:34.080] [DEBUG] cheese - null
[2021-08-08T16:14:16.670] [DEBUG] cheese - login => username:admin,password:123456
[2021-08-08T16:14:16.671] [DEBUG] cheese - admin
[2021-08-08T16:14:16.677] [DEBUG] cheese - null
[2021-08-08T16:14:16.677] [DEBUG] cheese - null
[2021-08-08T16:14:58.331] [DEBUG] cheese - login => username:admin,password:123456
[2021-08-08T16:14:58.332] [DEBUG] cheese - admin
[2021-08-08T16:14:58.334] [DEBUG] cheese - null
[2021-08-08T16:14:58.334] [DEBUG] cheese - null
[2021-08-08T16:26:48.443] [DEBUG] cheese - null
[2021-08-08T16:26:50.912] [DEBUG] cheese - null
[2021-08-08T16:30:37.634] [DEBUG] cheese - login => username:admin,password:123456
[2021-08-08T16:30:37.635] [DEBUG] cheese - admin
[2021-08-08T16:30:37.640] [DEBUG] cheese - null
[2021-08-08T16:30:37.641] [DEBUG] cheese - null
[2021-08-08T16:31:31.921] [DEBUG] cheese - login => username:admin,password:123456
[2021-08-08T16:31:31.921] [DEBUG] cheese - admin
[2021-08-08T16:31:31.924] [DEBUG] cheese - null
[2021-08-08T16:31:31.924] [DEBUG] cheese - null
[2021-08-08T16:34:53.080] [DEBUG] cheese - login => username:admin,password:123456
[2021-08-08T16:34:53.080] [DEBUG] cheese - admin
[2021-08-08T16:34:53.082] [DEBUG] cheese - null
[2021-08-08T16:34:53.082] [DEBUG] cheese - null
[2021-08-08T16:35:42.480] [DEBUG] cheese - login => username:admin,password:123456
[2021-08-08T16:35:42.480] [DEBUG] cheese - admin
[2021-08-08T16:35:42.481] [DEBUG] cheese - null
[2021-08-08T16:35:42.482] [DEBUG] cheese - null
[2021-08-08T16:39:20.265] [DEBUG] cheese - login => username:admin,password:123456
[2021-08-08T16:39:20.267] [DEBUG] cheese - admin
[2021-08-08T16:39:20.272] [DEBUG] cheese - null
[2021-08-08T16:39:20.272] [DEBUG] cheese - null
[2021-08-08T16:42:16.611] [DEBUG] cheese - login => username:admin,password:123456
[2021-08-08T16:42:16.613] [DEBUG] cheese - admin
[2021-08-08T16:42:16.618] [DEBUG] cheese - null
[2021-08-08T16:42:16.619] [DEBUG] cheese - null
[2021-08-08T16:42:34.696] [DEBUG] cheese - null
[2021-08-08T16:45:50.279] [DEBUG] cheese - login => username:admin,password:123456
[2021-08-08T16:45:50.280] [DEBUG] cheese - admin
[2021-08-08T16:45:50.284] [DEBUG] cheese - null
[2021-08-08T16:45:50.284] [DEBUG] cheese - null
[2021-08-08T16:46:40.334] [DEBUG] cheese - login => username:admin,password:123456
[2021-08-08T16:46:40.334] [DEBUG] cheese - admin
[2021-08-08T16:46:40.336] [DEBUG] cheese - null
[2021-08-08T16:46:40.336] [DEBUG] cheese - null
[2021-08-08T16:47:37.166] [DEBUG] cheese - login => username:admin,password:123456
[2021-08-08T16:47:37.166] [DEBUG] cheese - admin
[2021-08-08T16:47:37.168] [DEBUG] cheese - null
[2021-08-08T16:47:37.168] [DEBUG] cheese - null
[2021-08-08T16:48:59.558] [DEBUG] cheese - login => username:admin,password:123456
[2021-08-08T16:48:59.558] [DEBUG] cheese - admin
[2021-08-08T16:48:59.560] [DEBUG] cheese - null
[2021-08-08T16:48:59.560] [DEBUG] cheese - null
[2021-08-08T16:50:19.526] [DEBUG] cheese - login => username:admin,password:123456
[2021-08-08T16:50:19.526] [DEBUG] cheese - admin
[2021-08-08T16:50:19.528] [DEBUG] cheese - null
[2021-08-08T16:50:19.528] [DEBUG] cheese - null
[2021-08-08T16:52:13.957] [DEBUG] cheese - login => username:admin,password:123456
[2021-08-08T16:52:13.957] [DEBUG] cheese - admin
[2021-08-08T16:52:13.959] [DEBUG] cheese - null
[2021-08-08T16:52:13.959] [DEBUG] cheese - null
[2021-08-08T16:55:01.885] [DEBUG] cheese - login => username:admin,password:123456
[2021-08-08T16:55:01.885] [DEBUG] cheese - admin
[2021-08-08T16:55:01.887] [DEBUG] cheese - null
[2021-08-08T16:55:01.887] [DEBUG] cheese - null
